Unity Editor version:    2020.3.22f1c1 (9ee66e5289da)
Branch:                  2020.3/china_unity/release
Build type:              Release
Batch mode:              YES
macOS version:           Version 11.6 (Build 20G165)
Darwin version:          20.6.0
Architecture:            x86_64
Running under Rosetta:   NO
Available memory:        16384 MB
Using pre-set license
Pro License: NO

COMMAND LINE ARGUMENTS:
/Applications/Unity/Hub/Editor/2020.3.22f1c1/Unity.app/Contents/MacOS/Unity
-adb2
-batchMode
-noUpm
-name
AssetImportWorker0
-projectPath
/Users/lipurpose/Documents/unity/UIStudy
-logFile
Logs/AssetImportWorker0.log
-srvPort
60008
Successfully changed project path to: /Users/lipurpose/Documents/unity/UIStudy
/Users/lipurpose/Documents/unity/UIStudy
Using Asset Import Pipeline V2.
AS: AutoStreaming module initializing.Refreshing native plugins compatible for Editor in 32.88 ms, found 2 plugins.
Preloading 0 native plugins for Editor in 0.00 ms.
Initialize engine version: 2020.3.22f1c1 (9ee66e5289da)
[Subsystems] Discovering subsystems at path /Applications/Unity/Hub/Editor/2020.3.22f1c1/Unity.app/Contents/Resources/UnitySubsystems
[Subsystems] Discovering subsystems at path /Users/lipurpose/Documents/unity/UIStudy/Assets
GfxDevice: creating device client; threaded=0
2021-12-28 19:51:36.988 Unity[13711:4934680] Color LCD preferred device: AMD Radeon Pro 555X (high power)
2021-12-28 19:51:36.988 Unity[13711:4934680] Metal devices available: 2
2021-12-28 19:51:36.988 Unity[13711:4934680] 0: AMD Radeon Pro 555X (high power)
2021-12-28 19:51:36.988 Unity[13711:4934680] 1: Intel(R) UHD Graphics 630 (low power)
2021-12-28 19:51:36.988 Unity[13711:4934680] Using device AMD Radeon Pro 555X (high power)
Initializing Metal device caps: AMD Radeon Pro 555X
Initialize mono
Mono path[0] = '/Applications/Unity/Hub/Editor/2020.3.22f1c1/Unity.app/Contents/Managed'
Mono path[1] = '/Applications/Unity/Hub/Editor/2020.3.22f1c1/Unity.app/Contents/MonoBleedingEdge/lib/mono/unityjit'
Mono config path = '/Applications/Unity/Hub/Editor/2020.3.22f1c1/Unity.app/Contents/MonoBleedingEdge/etc'
Using monoOptions --debugger-agent=transport=dt_socket,embedding=1,server=y,suspend=n,address=127.0.0.1:56711
Begin MonoManager ReloadAssembly
Registering precompiled unity dll's ...
Register platform support module: /Applications/Unity/Hub/Editor/2020.3.22f1c1/Unity.app/Contents/PlaybackEngines/MacStandaloneSupport/UnityEditor.OSXStandalone.Extensions.dll
Registered in 0.000682 seconds.
Native extension for OSXStandalone target not found
Refreshing native plugins compatible for Editor in 38.81 ms, found 2 plugins.
Preloading 0 native plugins for Editor in 0.00 ms.
Mono: successfully reloaded assembly
- Completed reload, in  2.446 seconds
Domain Reload Profiling:
	ReloadAssembly (2446ms)
		BeginReloadAssembly (67ms)
			ExecutionOrderSort (0ms)
			DisableScriptedObjects (0ms)
			BackupInstance (0ms)
			ReleaseScriptingObjects (0ms)
			CreateAndSetChildDomain (2ms)
		EndReloadAssembly (774ms)
			LoadAssemblies (65ms)
			RebuildTransferFunctionScriptingTraits (0ms)
			SetupTypeCache (317ms)
			ReleaseScriptCaches (0ms)
			RebuildScriptCaches (63ms)
			SetupLoadedEditorAssemblies (264ms)
				LogAssemblyErrors (0ms)
				InitializePlatformSupportModulesInManaged (6ms)
				SetLoadedEditorAssemblies (0ms)
				RefreshPlugins (39ms)
				BeforeProcessingInitializeOnLoad (37ms)
				ProcessInitializeOnLoadAttributes (139ms)
				ProcessInitializeOnLoadMethodAttributes (43ms)
				AfterProcessingInitializeOnLoad (0ms)
				EditorAssembliesLoaded (0ms)
			ExecutionOrderSort2 (0ms)
			AwakeInstancesAfterBackupRestoration (0ms)
Platform modules already initialized, skipping
Registering precompiled user dll's ...
Registered in 0.003330 seconds.
Begin MonoManager ReloadAssembly
Native extension for OSXStandalone target not found
Refreshing native plugins compatible for Editor in 0.32 ms, found 2 plugins.
Preloading 0 native plugins for Editor in 0.00 ms.
Mono: successfully reloaded assembly
- Completed reload, in  1.285 seconds
Domain Reload Profiling:
	ReloadAssembly (1286ms)
		BeginReloadAssembly (183ms)
			ExecutionOrderSort (0ms)
			DisableScriptedObjects (6ms)
			BackupInstance (0ms)
			ReleaseScriptingObjects (0ms)
			CreateAndSetChildDomain (35ms)
		EndReloadAssembly (1027ms)
			LoadAssemblies (88ms)
			RebuildTransferFunctionScriptingTraits (0ms)
			SetupTypeCache (362ms)
			ReleaseScriptCaches (0ms)
			RebuildScriptCaches (68ms)
			SetupLoadedEditorAssemblies (380ms)
				LogAssemblyErrors (0ms)
				InitializePlatformSupportModulesInManaged (6ms)
				SetLoadedEditorAssemblies (1ms)
				RefreshPlugins (0ms)
				BeforeProcessingInitializeOnLoad (87ms)
				ProcessInitializeOnLoadAttributes (273ms)
				ProcessInitializeOnLoadMethodAttributes (11ms)
				AfterProcessingInitializeOnLoad (2ms)
				EditorAssembliesLoaded (0ms)
			ExecutionOrderSort2 (0ms)
			AwakeInstancesAfterBackupRestoration (8ms)
Platform modules already initialized, skipping
Validating Project structure ... 0.000154 seconds.

LICENSE SYSTEM [20211228 19:51:41] Next license update check is after 2021-12-29T11:45:44

Shader import version has changed; will reimport all shaders...
Upgrading shader files ...0.000182 seconds.
Application.AssetDatabase Initial Script Refresh Start
RefreshInfo: InitialScriptRefreshV2(NoUpdateAssetOptions) scanfilter:  ... 1 filters
RefreshProfiler: Total: 0.000ms
Application.AssetDatabase Initial Script Refresh End
Application.AssetDatabase.Refresh Start
Application.AssetDatabase.Refresh End
RefreshInfo: StopAssetImportingV2(ForceSynchronousImport) scanfilter: 
RefreshProfiler: Total: 0.000ms
Launching external process: /Applications/Unity/Hub/Editor/2020.3.22f1c1/Unity.app/Contents/Tools/UnityShaderCompiler
Launched and connected shader compiler UnityShaderCompiler after 0.02 seconds
Initializing Unity extensions:
========================================================================
Worker process is ready to serve import requests
Refreshing native plugins compatible for Editor in 0.30 ms, found 2 plugins.
Preloading 0 native plugins for Editor in 0.00 ms.
Unloading 1523 Unused Serialized files (Serialized files now loaded: 0)
System memory in use before: 167.5 MB.
System memory in use after: 166.6 MB.

Unloading 80 unused Assets to reduce memory usage. Loaded Objects now: 1995.
Total: 3.431661 ms (FindLiveObjects: 0.161702 ms CreateObjectMapping: 0.047316 ms MarkObjects: 2.754125 ms  DeleteObjects: 0.467334 ms)

AssetImportParameters requested are different than current active one (requested -> active):
  custom:video-decoder-ogg-theora: a1e56fd34408186e4bbccfd4996cb3dc -> 
  custom:container-muxer-webm: aa71ff27fc2769a1b78a27578f13a17b -> 
  custom:container-demuxer-webm: 4f35f7cbe854078d1ac9338744f61a02 -> 
  custom:container-demuxer-ogg: 62fdf1f143b41e24485cea50d1cbac27 -> 
  custom:video-encoder-webm-vp8: eb34c28f22e8b96e1ab97ce403110664 -> 
  custom:framework-osx-AVFoundation: e770b220cccbd017edd2c1fefb359320 -> 
  custom:video-decoder-webm-vp8: 9c59270c3fd7afecdb556c50c9e8de78 -> 
  custom:audio-decoder-ogg-vorbis: bf7c407c2cedff20999df2af8eb42d56 -> 
  custom:audio-encoder-webm-vorbis: bf7c407c2cedff20999df2af8eb42d56 -> 
========================================================================
Received Import Request.
  path: Assets
  artifactKey: Guid(00000000000000001000000000000000) Importer(815301076,1909f56bfc062723c751e8b465ee728b)
Start importing Assets using Guid(00000000000000001000000000000000) Importer(815301076,1909f56bfc062723c751e8b465ee728b)  -> (artifact id: '42d402b061de3733987d63b9cc3b64de') in 0.003435 seconds 
  Import took 0.005626 seconds .

========================================================================
Received Import Request.
  Time since last request: 8.371889 seconds.
  path: Assets/New Folder
  artifactKey: Guid(deba74ef1e59647dda895a23da4b460e) Importer(815301076,1909f56bfc062723c751e8b465ee728b)
Start importing Assets/New Folder using Guid(deba74ef1e59647dda895a23da4b460e) Importer(815301076,1909f56bfc062723c751e8b465ee728b)  -> (artifact id: '6650fdbab1a4db937bb7d9998d0aba29') in 0.001933 seconds 
  Import took 0.005042 seconds .

========================================================================
Received Import Request.
  Time since last request: 28.506976 seconds.
  path: Assets/uiImages
  artifactKey: Guid(052ca24fbfdb94d6fa318b11475e2c79) Importer(815301076,1909f56bfc062723c751e8b465ee728b)
Start importing Assets/uiImages using Guid(052ca24fbfdb94d6fa318b11475e2c79) Importer(815301076,1909f56bfc062723c751e8b465ee728b)  -> (artifact id: '55b58a77fe6167509688e6b9576ecf84') in 0.002126 seconds 
  Import took 0.005624 seconds .

========================================================================
Received Import Request.
  Time since last request: 40.466019 seconds.
  path: Assets/uiImages/BigScaleAtlas.png
  artifactKey: Guid(0dbb0211cdd9a4c84877f1d330e06c88) Importer(815301076,1909f56bfc062723c751e8b465ee728b)
Start importing Assets/uiImages/BigScaleAtlas.png using Guid(0dbb0211cdd9a4c84877f1d330e06c88) Importer(815301076,1909f56bfc062723c751e8b465ee728b)  -> (artifact id: '532acada80959c3e26093322a7f3bf5e') in 1.269831 seconds 
  Import took 1.272736 seconds .

========================================================================
Received Import Request.
  Time since last request: 32.553120 seconds.
  path: Assets/uiImages/BigScaleAtlas.png
  artifactKey: Guid(0dbb0211cdd9a4c84877f1d330e06c88) Importer(815301076,1909f56bfc062723c751e8b465ee728b)
Start importing Assets/uiImages/BigScaleAtlas.png using Guid(0dbb0211cdd9a4c84877f1d330e06c88) Importer(815301076,1909f56bfc062723c751e8b465ee728b)  -> (artifact id: '56f8ea9eeaf23b00a7a948175c53f84d') in 0.028263 seconds 
  Import took 0.031558 seconds .

========================================================================
Received Import Request.
  Time since last request: 22.676383 seconds.
  path: Assets/uiImages/BigScaleAtlas.png
  artifactKey: Guid(0dbb0211cdd9a4c84877f1d330e06c88) Importer(815301076,1909f56bfc062723c751e8b465ee728b)
Start importing Assets/uiImages/BigScaleAtlas.png using Guid(0dbb0211cdd9a4c84877f1d330e06c88) Importer(815301076,1909f56bfc062723c751e8b465ee728b)  -> (artifact id: '833086c72e56c8320e5d6be7ad2f6587') in 0.295233 seconds 
  Import took 0.298615 seconds .

AssetImportWorkerClient::OnTransportError - code=2 error=End of file
